/usr/lib/python3.4/importlib/_bootstrap.py:321: FutureWarning: Conversion of the second argument of issubdtype from `float` to `np.floating` is deprecated. In future, it will be treated as `np.float64 == np.dtype(float).type`.
  return f(*args, **kwds)
Using TensorFlow backend.
WARNING:tensorflow:From /usr/local/lib/python3.4/dist-packages/tensorflow/python/framework/op_def_library.py:263: colocate_with (from tensorflow.python.framework.ops) is deprecated and will be removed in a future version.
Instructions for updating:
Colocations handled automatically by placer.
WARNING:tensorflow:From /usr/local/lib/python3.4/dist-packages/keras/backend/tensorflow_backend.py:3445: calling dropout (from tensorflow.python.ops.nn_ops) with keep_prob is deprecated and will be removed in a future version.
Instructions for updating:
Please use `rate` instead of `keep_prob`. Rate should be set to `rate = 1 - keep_prob`.
WARNING:tensorflow:From /usr/local/lib/python3.4/dist-packages/tensorflow/python/ops/math_ops.py:3066: to_int32 (from tensorflow.python.ops.math_ops) is deprecated and will be removed in a future version.
Instructions for updating:
Use tf.cast instead.
2019-04-18 16:50:55.108455: I tensorflow/core/platform/profile_utils/cpu_utils.cc:94] CPU Frequency: 1895515000 Hz
2019-04-18 16:50:55.125388: I tensorflow/compiler/xla/service/service.cc:150] XLA service 0x5454050 executing computations on platform Host. Devices:
2019-04-18 16:50:55.125529: I tensorflow/compiler/xla/service/service.cc:158]   StreamExecutor device (0): <undefined>, <undefined>
[[1 1 1 ... 0 0 0]
 [0 0 1 ... 0 0 0]
 [0 0 0 ... 0 0 0]
 ...
 [0 0 0 ... 0 0 0]
 [0 0 0 ... 0 0 0]
 [0 0 0 ... 0 0 0]]
[[0 0 0 ... 0 0 0]
 [0 0 0 ... 0 0 0]
 [0 0 1 ... 0 0 0]
 ...
 [0 0 0 ... 0 0 0]
 [0 0 0 ... 0 0 0]
 [0 0 0 ... 0 0 0]]
x_train shape: (1000, 700, 21, 1)
y_train shape: (1000, 4557)
1000 train samples
500 test samples
Train on 1000 samples, validate on 500 samples
Epoch 1/20

  64/1000 [>.............................] - ETA: 1:52 - loss: 21.3261 - acc: 0.0000e+00
 128/1000 [==>...........................] - ETA: 1:26 - loss: 19.8500 - acc: 0.1875    
 192/1000 [====>.........................] - ETA: 1:14 - loss: 21.8866 - acc: 0.2604
 256/1000 [======>.......................] - ETA: 1:07 - loss: 20.9996 - acc: 0.2930
 320/1000 [========>.....................] - ETA: 59s - loss: 22.6005 - acc: 0.3031 
 384/1000 [==========>...................] - ETA: 53s - loss: 22.3109 - acc: 0.2656
 448/1000 [============>.................] - ETA: 46s - loss: 22.7278 - acc: 0.2455
 512/1000 [==============>...............] - ETA: 41s - loss: 22.9811 - acc: 0.2402
 576/1000 [================>.............] - ETA: 35s - loss: 22.4414 - acc: 0.2361
 640/1000 [==================>...........] - ETA: 29s - loss: 22.0269 - acc: 0.2359
 704/1000 [====================>.........] - ETA: 24s - loss: 21.6373 - acc: 0.2259
 768/1000 [======================>.......] - ETA: 18s - loss: 21.9906 - acc: 0.2240
 832/1000 [=======================>......] - ETA: 13s - loss: 21.8442 - acc: 0.2332
 896/1000 [=========================>....] - ETA: 8s - loss: 21.7680 - acc: 0.2388 
 960/1000 [===========================>..] - ETA: 3s - loss: 21.4335 - acc: 0.2417
1000/1000 [==============================] - 89s 89ms/step - loss: 21.5444 - acc: 0.2480 - val_loss: 18.1272 - val_acc: 0.0060
Epoch 2/20

  64/1000 [>.............................] - ETA: 1:07 - loss: 19.7266 - acc: 0.1250
 128/1000 [==>...........................] - ETA: 1:02 - loss: 19.0331 - acc: 0.1719
 192/1000 [====>.........................] - ETA: 58s - loss: 18.1629 - acc: 0.1771 
 256/1000 [======>.......................] - ETA: 53s - loss: 19.2842 - acc: 0.2070
 320/1000 [========>.....................] - ETA: 49s - loss: 19.3415 - acc: 0.2375
 384/1000 [==========>...................] - ETA: 44s - loss: 19.6978 - acc: 0.2578
 448/1000 [============>.................] - ETA: 40s - loss: 19.3788 - acc: 0.2679
 512/1000 [==============>...............] - ETA: 35s - loss: 19.4124 - acc: 0.2754
 576/1000 [================>.............] - ETA: 31s - loss: 19.7793 - acc: 0.2969
 640/1000 [==================>...........] - ETA: 26s - loss: 19.9053 - acc: 0.3047
 704/1000 [====================>.........] - ETA: 21s - loss: 19.7628 - acc: 0.3068
 768/1000 [======================>.......] - ETA: 16s - loss: 19.5366 - acc: 0.3177
 832/1000 [=======================>......] - ETA: 12s - loss: 19.4489 - acc: 0.3149
 896/1000 [=========================>....] - ETA: 7s - loss: 19.5032 - acc: 0.3192 
 960/1000 [===========================>..] - ETA: 2s - loss: 19.2186 - acc: 0.3135
1000/1000 [==============================] - 83s 83ms/step - loss: 19.2762 - acc: 0.3150 - val_loss: 16.0845 - val_acc: 0.3640
Epoch 3/20

  64/1000 [>.............................] - ETA: 1:18 - loss: 14.3423 - acc: 0.2500
 128/1000 [==>...........................] - ETA: 1:08 - loss: 17.5590 - acc: 0.3438
 192/1000 [====>.........................] - ETA: 1:01 - loss: 17.5721 - acc: 0.3229
 256/1000 [======>.......................] - ETA: 56s - loss: 18.7604 - acc: 0.3516 
 320/1000 [========>.....................] - ETA: 50s - loss: 18.6956 - acc: 0.3469
 384/1000 [==========>...................] - ETA: 45s - loss: 18.2944 - acc: 0.3438
 448/1000 [============>.................] - ETA: 41s - loss: 17.7304 - acc: 0.3482
 512/1000 [==============>...............] - ETA: 36s - loss: 18.1443 - acc: 0.3555
 576/1000 [================>.............] - ETA: 31s - loss: 17.8781 - acc: 0.3576
 640/1000 [==================>...........] - ETA: 27s - loss: 17.6410 - acc: 0.3500
 704/1000 [====================>.........] - ETA: 22s - loss: 17.9012 - acc: 0.3523
 768/1000 [======================>.......] - ETA: 17s - loss: 17.7840 - acc: 0.3490
 832/1000 [=======================>......] - ETA: 12s - loss: 17.8338 - acc: 0.3462
 896/1000 [=========================>....] - ETA: 7s - loss: 17.9328 - acc: 0.3471 
 960/1000 [===========================>..] - ETA: 2s - loss: 17.9576 - acc: 0.3500
1000/1000 [==============================] - 83s 83ms/step - loss: 17.9575 - acc: 0.3520 - val_loss: 16.7889 - val_acc: 0.3640
Epoch 4/20

  64/1000 [>.............................] - ETA: 1:07 - loss: 21.1142 - acc: 0.3125
 128/1000 [==>...........................] - ETA: 1:02 - loss: 22.6984 - acc: 0.3516
 192/1000 [====>.........................] - ETA: 58s - loss: 20.7938 - acc: 0.4010 
 256/1000 [======>.......................] - ETA: 54s - loss: 20.9736 - acc: 0.4180
 320/1000 [========>.....................] - ETA: 50s - loss: 19.9878 - acc: 0.4000
 384/1000 [==========>...................] - ETA: 45s - loss: 18.9518 - acc: 0.3828
 448/1000 [============>.................] - ETA: 40s - loss: 18.5746 - acc: 0.3638
 512/1000 [==============>...............] - ETA: 36s - loss: 18.5072 - acc: 0.3691
 576/1000 [================>.............] - ETA: 31s - loss: 18.2944 - acc: 0.3646
 640/1000 [==================>...........] - ETA: 26s - loss: 18.1350 - acc: 0.3672
 704/1000 [====================>.........] - ETA: 22s - loss: 17.8482 - acc: 0.3580
 768/1000 [======================>.......] - ETA: 17s - loss: 17.7504 - acc: 0.3568
 832/1000 [=======================>......] - ETA: 12s - loss: 18.1475 - acc: 0.3582
 896/1000 [=========================>....] - ETA: 7s - loss: 17.9346 - acc: 0.3616 
 960/1000 [===========================>..] - ETA: 3s - loss: 17.7764 - acc: 0.3563
1000/1000 [==============================] - 84s 84ms/step - loss: 17.7964 - acc: 0.3510 - val_loss: 16.2137 - val_acc: 0.3640
Epoch 5/20

  64/1000 [>.............................] - ETA: 1:19 - loss: 18.9775 - acc: 0.4062
 128/1000 [==>...........................] - ETA: 1:07 - loss: 18.4896 - acc: 0.3984
 192/1000 [====>.........................] - ETA: 1:00 - loss: 18.6788 - acc: 0.3646
 256/1000 [======>.......................] - ETA: 57s - loss: 17.8765 - acc: 0.3398 
 320/1000 [========>.....................] - ETA: 51s - loss: 18.0923 - acc: 0.3375
 384/1000 [==========>...................] - ETA: 46s - loss: 18.4204 - acc: 0.3359
 448/1000 [============>.................] - ETA: 42s - loss: 17.9017 - acc: 0.3237
 512/1000 [==============>...............] - ETA: 37s - loss: 17.6588 - acc: 0.3281
 576/1000 [================>.............] - ETA: 32s - loss: 17.6213 - acc: 0.3403
 640/1000 [==================>...........] - ETA: 27s - loss: 17.5208 - acc: 0.3391
 704/1000 [====================>.........] - ETA: 22s - loss: 17.6693 - acc: 0.3438
 768/1000 [======================>.......] - ETA: 17s - loss: 17.5215 - acc: 0.3477
 832/1000 [=======================>......] - ETA: 12s - loss: 17.3301 - acc: 0.3498
 896/1000 [=========================>....] - ETA: 7s - loss: 17.5206 - acc: 0.3638 
 960/1000 [===========================>..] - ETA: 2s - loss: 17.3745 - acc: 0.3625
1000/1000 [==============================] - 82s 82ms/step - loss: 17.3510 - acc: 0.3560 - val_loss: 16.7266 - val_acc: 0.3640
Epoch 6/20

  64/1000 [>.............................] - ETA: 1:16 - loss: 17.1336 - acc: 0.3438
 128/1000 [==>...........................] - ETA: 1:07 - loss: 16.7451 - acc: 0.3438
 192/1000 [====>.........................] - ETA: 1:00 - loss: 16.8567 - acc: 0.3594
 256/1000 [======>.......................] - ETA: 54s - loss: 16.3668 - acc: 0.3359 
 320/1000 [========>.....................] - ETA: 49s - loss: 15.9970 - acc: 0.3344
 384/1000 [==========>...................] - ETA: 44s - loss: 16.1414 - acc: 0.3516
 448/1000 [============>.................] - ETA: 40s - loss: 16.3945 - acc: 0.3438
 512/1000 [==============>...............] - ETA: 34s - loss: 15.9470 - acc: 0.3340
 576/1000 [================>.............] - ETA: 30s - loss: 16.2740 - acc: 0.3368
 640/1000 [==================>...........] - ETA: 26s - loss: 16.6461 - acc: 0.3484
 704/1000 [====================>.........] - ETA: 21s - loss: 16.6865 - acc: 0.3537
 768/1000 [======================>.......] - ETA: 16s - loss: 16.7884 - acc: 0.3503
 832/1000 [=======================>......] - ETA: 12s - loss: 17.0680 - acc: 0.3498
 896/1000 [=========================>....] - ETA: 7s - loss: 16.8473 - acc: 0.3482 
 960/1000 [===========================>..] - ETA: 2s - loss: 16.7885 - acc: 0.3500
1000/1000 [==============================] - 82s 82ms/step - loss: 17.0483 - acc: 0.3560 - val_loss: 16.3366 - val_acc: 0.3640
Epoch 7/20

  64/1000 [>.............................] - ETA: 1:07 - loss: 18.5272 - acc: 0.3125
 128/1000 [==>...........................] - ETA: 1:03 - loss: 16.4782 - acc: 0.3125
 192/1000 [====>.........................] - ETA: 59s - loss: 16.4101 - acc: 0.3229 
 256/1000 [======>.......................] - ETA: 53s - loss: 17.2123 - acc: 0.3477
 320/1000 [========>.....................] - ETA: 49s - loss: 16.9973 - acc: 0.3344
 384/1000 [==========>...................] - ETA: 43s - loss: 16.6937 - acc: 0.3411
 448/1000 [============>.................] - ETA: 39s - loss: 16.4092 - acc: 0.3393
 512/1000 [==============>...............] - ETA: 35s - loss: 16.6878 - acc: 0.3398
 576/1000 [================>.............] - ETA: 30s - loss: 16.6958 - acc: 0.3438
 640/1000 [==================>...........] - ETA: 25s - loss: 16.5214 - acc: 0.3391
 704/1000 [====================>.........] - ETA: 21s - loss: 16.6601 - acc: 0.3494
 768/1000 [======================>.......] - ETA: 16s - loss: 16.9790 - acc: 0.3542
 832/1000 [=======================>......] - ETA: 12s - loss: 17.1877 - acc: 0.3594
 896/1000 [=========================>....] - ETA: 7s - loss: 17.1569 - acc: 0.3661 
 960/1000 [===========================>..] - ETA: 2s - loss: 17.1166 - acc: 0.3635
1000/1000 [==============================] - 82s 82ms/step - loss: 16.9868 - acc: 0.3560 - val_loss: 16.4287 - val_acc: 0.3640
Epoch 8/20

  64/1000 [>.............................] - ETA: 1:09 - loss: 21.6520 - acc: 0.3438
 128/1000 [==>...........................] - ETA: 1:05 - loss: 18.2119 - acc: 0.3203
 192/1000 [====>.........................] - ETA: 1:00 - loss: 16.9524 - acc: 0.3021
 256/1000 [======>.......................] - ETA: 55s - loss: 18.0547 - acc: 0.3203 
 320/1000 [========>.....................] - ETA: 51s - loss: 17.2658 - acc: 0.3312
 384/1000 [==========>...................] - ETA: 45s - loss: 16.9439 - acc: 0.3307
 448/1000 [============>.................] - ETA: 40s - loss: 16.9537 - acc: 0.3393
 512/1000 [==============>...............] - ETA: 36s - loss: 16.7285 - acc: 0.3418
 576/1000 [================>.............] - ETA: 31s - loss: 16.8343 - acc: 0.3524
 640/1000 [==================>...........] - ETA: 26s - loss: 16.6537 - acc: 0.3516
 704/1000 [====================>.........] - ETA: 21s - loss: 16.5246 - acc: 0.3580
 768/1000 [======================>.......] - ETA: 17s - loss: 16.4034 - acc: 0.3568
 832/1000 [=======================>......] - ETA: 12s - loss: 16.5400 - acc: 0.3498
 896/1000 [=========================>....] - ETA: 7s - loss: 16.5804 - acc: 0.3504 
 960/1000 [===========================>..] - ETA: 2s - loss: 16.4820 - acc: 0.3510
1000/1000 [==============================] - 81s 81ms/step - loss: 16.8169 - acc: 0.3560 - val_loss: 16.9802 - val_acc: 0.3640
Epoch 9/20

  64/1000 [>.............................] - ETA: 1:12 - loss: 16.1448 - acc: 0.3438
 128/1000 [==>...........................] - ETA: 1:06 - loss: 17.2047 - acc: 0.3984
 192/1000 [====>.........................] - ETA: 1:00 - loss: 18.2789 - acc: 0.3490
 256/1000 [======>.......................] - ETA: 54s - loss: 18.4545 - acc: 0.3711 
 320/1000 [========>.....................] - ETA: 49s - loss: 18.0894 - acc: 0.3688
 384/1000 [==========>...................] - ETA: 44s - loss: 17.5238 - acc: 0.3568
 448/1000 [============>.................] - ETA: 39s - loss: 17.5425 - acc: 0.3594
 512/1000 [==============>...............] - ETA: 35s - loss: 17.6455 - acc: 0.3594
 576/1000 [================>.............] - ETA: 30s - loss: 17.5848 - acc: 0.3559
 640/1000 [==================>...........] - ETA: 25s - loss: 17.7150 - acc: 0.3609
 704/1000 [====================>.........] - ETA: 21s - loss: 17.2798 - acc: 0.3537
 768/1000 [======================>.......] - ETA: 16s - loss: 16.9488 - acc: 0.3542
 832/1000 [=======================>......] - ETA: 12s - loss: 17.2901 - acc: 0.3486
 896/1000 [=========================>....] - ETA: 7s - loss: 17.2619 - acc: 0.3493 
 960/1000 [===========================>..] - ETA: 2s - loss: 16.9989 - acc: 0.3531
1000/1000 [==============================] - 80s 80ms/step - loss: 16.9409 - acc: 0.3560 - val_loss: 16.8344 - val_acc: 0.3640
Epoch 10/20

  64/1000 [>.............................] - ETA: 1:09 - loss: 17.9061 - acc: 0.4375
 128/1000 [==>...........................] - ETA: 1:03 - loss: 17.2813 - acc: 0.3594
 192/1000 [====>.........................] - ETA: 1:00 - loss: 17.3414 - acc: 0.3646
 256/1000 [======>.......................] - ETA: 56s - loss: 17.3314 - acc: 0.3828 
 320/1000 [========>.....................] - ETA: 51s - loss: 17.2636 - acc: 0.3719
 384/1000 [==========>...................] - ETA: 46s - loss: 18.0848 - acc: 0.3802
 448/1000 [============>.................] - ETA: 41s - loss: 17.7517 - acc: 0.3638
 512/1000 [==============>...............] - ETA: 37s - loss: 17.8632 - acc: 0.3691
 576/1000 [================>.............] - ETA: 32s - loss: 17.6457 - acc: 0.3733
 640/1000 [==================>...........] - ETA: 27s - loss: 17.5558 - acc: 0.3656
 704/1000 [====================>.........] - ETA: 22s - loss: 17.5231 - acc: 0.3651
 768/1000 [======================>.......] - ETA: 17s - loss: 17.4473 - acc: 0.3659
 832/1000 [=======================>......] - ETA: 12s - loss: 17.1500 - acc: 0.3570
 896/1000 [=========================>....] - ETA: 7s - loss: 16.9099 - acc: 0.3538 
 960/1000 [===========================>..] - ETA: 3s - loss: 16.6005 - acc: 0.3521
1000/1000 [==============================] - 84s 84ms/step - loss: 16.7115 - acc: 0.3560 - val_loss: 16.6278 - val_acc: 0.3640
Epoch 11/20

  64/1000 [>.............................] - ETA: 1:11 - loss: 20.5221 - acc: 0.4219
 128/1000 [==>...........................] - ETA: 1:02 - loss: 18.4103 - acc: 0.3516
 192/1000 [====>.........................] - ETA: 57s - loss: 17.3777 - acc: 0.3490 
 256/1000 [======>.......................] - ETA: 52s - loss: 16.9318 - acc: 0.3164
 320/1000 [========>.....................] - ETA: 47s - loss: 17.1433 - acc: 0.3063
 384/1000 [==========>...................] - ETA: 42s - loss: 16.8096 - acc: 0.3125
 448/1000 [============>.................] - ETA: 37s - loss: 16.5866 - acc: 0.3080
 512/1000 [==============>...............] - ETA: 33s - loss: 16.7071 - acc: 0.3223
 576/1000 [================>.............] - ETA: 28s - loss: 16.4916 - acc: 0.3247
 640/1000 [==================>...........] - ETA: 24s - loss: 16.5345 - acc: 0.3250
 704/1000 [====================>.........] - ETA: 19s - loss: 16.3087 - acc: 0.3239
 768/1000 [======================>.......] - ETA: 15s - loss: 16.4108 - acc: 0.3398
 832/1000 [=======================>......] - ETA: 11s - loss: 16.8961 - acc: 0.3474
 896/1000 [=========================>....] - ETA: 6s - loss: 16.7760 - acc: 0.3482 
 960/1000 [===========================>..] - ETA: 2s - loss: 16.7164 - acc: 0.3458
1000/1000 [==============================] - 74s 74ms/step - loss: 16.6591 - acc: 0.3560 - val_loss: 18.0508 - val_acc: 0.3640
Epoch 12/20

  64/1000 [>.............................] - ETA: 1:25 - loss: 17.4149 - acc: 0.3750
 128/1000 [==>...........................] - ETA: 1:15 - loss: 15.9670 - acc: 0.3906
 192/1000 [====>.........................] - ETA: 1:13 - loss: 15.8580 - acc: 0.3750
 256/1000 [======>.......................] - ETA: 1:07 - loss: 15.7490 - acc: 0.3438
 320/1000 [========>.....................] - ETA: 1:01 - loss: 16.2630 - acc: 0.3375
 384/1000 [==========>...................] - ETA: 55s - loss: 15.8242 - acc: 0.3385 
 448/1000 [============>.................] - ETA: 50s - loss: 16.0394 - acc: 0.3504
 512/1000 [==============>...............] - ETA: 44s - loss: 16.5062 - acc: 0.3535
 576/1000 [================>.............] - ETA: 38s - loss: 16.2215 - acc: 0.3455
 640/1000 [==================>...........] - ETA: 33s - loss: 16.6663 - acc: 0.3531
 704/1000 [====================>.........] - ETA: 27s - loss: 16.9601 - acc: 0.3580
 768/1000 [======================>.......] - ETA: 22s - loss: 17.1348 - acc: 0.3542
 832/1000 [=======================>......] - ETA: 16s - loss: 16.9288 - acc: 0.3534
 896/1000 [=========================>....] - ETA: 10s - loss: 16.9437 - acc: 0.3616
 960/1000 [===========================>..] - ETA: 4s - loss: 16.8038 - acc: 0.3594 
1000/1000 [==============================] - 116s 116ms/step - loss: 16.7634 - acc: 0.3560 - val_loss: 16.8594 - val_acc: 0.3640
Epoch 13/20

  64/1000 [>.............................] - ETA: 1:53 - loss: 15.5704 - acc: 0.3125
 128/1000 [==>...........................] - ETA: 1:51 - loss: 16.5581 - acc: 0.3047
 192/1000 [====>.........................] - ETA: 1:48 - loss: 16.1917 - acc: 0.3333
 256/1000 [======>.......................] - ETA: 1:36 - loss: 16.3614 - acc: 0.3438
 320/1000 [========>.....................] - ETA: 1:26 - loss: 16.6792 - acc: 0.3594
 384/1000 [==========>...................] - ETA: 1:18 - loss: 16.6721 - acc: 0.3516
 448/1000 [============>.................] - ETA: 1:09 - loss: 16.4620 - acc: 0.3504
 512/1000 [==============>...............] - ETA: 1:01 - loss: 16.6288 - acc: 0.3594
 576/1000 [================>.............] - ETA: 54s - loss: 16.7416 - acc: 0.3524 
 640/1000 [==================>...........] - ETA: 46s - loss: 16.3128 - acc: 0.3531
 704/1000 [====================>.........] - ETA: 37s - loss: 16.0135 - acc: 0.3509
 768/1000 [======================>.......] - ETA: 29s - loss: 16.5600 - acc: 0.3581
 832/1000 [=======================>......] - ETA: 21s - loss: 16.6973 - acc: 0.3558
 896/1000 [=========================>....] - ETA: 13s - loss: 16.7249 - acc: 0.3527
 960/1000 [===========================>..] - ETA: 5s - loss: 16.6202 - acc: 0.3552 
1000/1000 [==============================] - 141s 141ms/step - loss: 16.6046 - acc: 0.3560 - val_loss: 16.8124 - val_acc: 0.3640
Epoch 14/20

  64/1000 [>.............................] - ETA: 1:57 - loss: 18.3479 - acc: 0.3594
 128/1000 [==>...........................] - ETA: 1:56 - loss: 16.5018 - acc: 0.3672
 192/1000 [====>.........................] - ETA: 1:47 - loss: 16.7142 - acc: 0.4010
 256/1000 [======>.......................] - ETA: 1:35 - loss: 16.3097 - acc: 0.4023
 320/1000 [========>.....................] - ETA: 1:26 - loss: 17.5214 - acc: 0.4000
 384/1000 [==========>...................] - ETA: 1:17 - loss: 17.0255 - acc: 0.3724
 448/1000 [============>.................] - ETA: 1:08 - loss: 16.2893 - acc: 0.3616
 512/1000 [==============>...............] - ETA: 1:00 - loss: 16.1127 - acc: 0.3652
 576/1000 [================>.............] - ETA: 51s - loss: 16.2701 - acc: 0.3559 
 640/1000 [==================>...........] - ETA: 43s - loss: 16.4875 - acc: 0.3500
 704/1000 [====================>.........] - ETA: 35s - loss: 16.5312 - acc: 0.3551
 768/1000 [======================>.......] - ETA: 27s - loss: 16.5139 - acc: 0.3542
 832/1000 [=======================>......] - ETA: 20s - loss: 16.4982 - acc: 0.3546
 896/1000 [=========================>....] - ETA: 12s - loss: 16.4971 - acc: 0.3560
 960/1000 [===========================>..] - ETA: 4s - loss: 16.5717 - acc: 0.3573 
1000/1000 [==============================] - 132s 132ms/step - loss: 16.5883 - acc: 0.3560 - val_loss: 16.8248 - val_acc: 0.3640
Epoch 15/20

  64/1000 [>.............................] - ETA: 1:59 - loss: 13.4256 - acc: 0.3594
 128/1000 [==>...........................] - ETA: 1:48 - loss: 14.0752 - acc: 0.3203
 192/1000 [====>.........................] - ETA: 1:38 - loss: 14.0753 - acc: 0.3542
 256/1000 [======>.......................] - ETA: 1:33 - loss: 13.9771 - acc: 0.3398
 320/1000 [========>.....................] - ETA: 1:25 - loss: 14.1667 - acc: 0.3500
 384/1000 [==========>...................] - ETA: 1:16 - loss: 14.7395 - acc: 0.3646
 448/1000 [============>.................] - ETA: 1:07 - loss: 14.7910 - acc: 0.3527
 512/1000 [==============>...............] - ETA: 59s - loss: 15.0445 - acc: 0.3438 
 576/1000 [================>.............] - ETA: 51s - loss: 15.2314 - acc: 0.3472
 640/1000 [==================>...........] - ETA: 43s - loss: 15.8204 - acc: 0.3500
 704/1000 [====================>.........] - ETA: 35s - loss: 16.2341 - acc: 0.3537
 768/1000 [======================>.......] - ETA: 27s - loss: 16.0778 - acc: 0.3568
 832/1000 [=======================>......] - ETA: 20s - loss: 16.3945 - acc: 0.3546
 896/1000 [=========================>....] - ETA: 12s - loss: 16.6402 - acc: 0.3594
 960/1000 [===========================>..] - ETA: 4s - loss: 16.4378 - acc: 0.3563 
1000/1000 [==============================] - 130s 130ms/step - loss: 16.6482 - acc: 0.3560 - val_loss: 17.0860 - val_acc: 0.3640
Epoch 16/20

  64/1000 [>.............................] - ETA: 1:44 - loss: 13.7989 - acc: 0.2969
 128/1000 [==>...........................] - ETA: 1:35 - loss: 14.8736 - acc: 0.3281
 192/1000 [====>.........................] - ETA: 1:27 - loss: 14.4083 - acc: 0.3333
 256/1000 [======>.......................] - ETA: 1:21 - loss: 15.7899 - acc: 0.3477
 320/1000 [========>.....................] - ETA: 1:15 - loss: 16.3124 - acc: 0.3500
 384/1000 [==========>...................] - ETA: 1:10 - loss: 17.0841 - acc: 0.3464
 448/1000 [============>.................] - ETA: 1:03 - loss: 17.0731 - acc: 0.3549
 512/1000 [==============>...............] - ETA: 57s - loss: 16.9273 - acc: 0.3516 
 576/1000 [================>.............] - ETA: 49s - loss: 16.6111 - acc: 0.3507
 640/1000 [==================>...........] - ETA: 42s - loss: 16.5318 - acc: 0.3375
 704/1000 [====================>.........] - ETA: 35s - loss: 16.7350 - acc: 0.3466
 768/1000 [======================>.......] - ETA: 27s - loss: 16.8079 - acc: 0.3503
 832/1000 [=======================>......] - ETA: 20s - loss: 16.7888 - acc: 0.3618
 896/1000 [=========================>....] - ETA: 12s - loss: 16.4094 - acc: 0.3538
 960/1000 [===========================>..] - ETA: 4s - loss: 16.5220 - acc: 0.3604 
1000/1000 [==============================] - 132s 132ms/step - loss: 16.6135 - acc: 0.3560 - val_loss: 16.9068 - val_acc: 0.3640
Epoch 17/20

  64/1000 [>.............................] - ETA: 1:49 - loss: 22.0987 - acc: 0.3750
 128/1000 [==>...........................] - ETA: 1:37 - loss: 18.4942 - acc: 0.3438
 192/1000 [====>.........................] - ETA: 1:33 - loss: 17.9033 - acc: 0.3542
 256/1000 [======>.......................] - ETA: 1:29 - loss: 17.9173 - acc: 0.3359
 320/1000 [========>.....................] - ETA: 1:21 - loss: 17.1369 - acc: 0.3531
 384/1000 [==========>...................] - ETA: 1:12 - loss: 16.6543 - acc: 0.3307
 448/1000 [============>.................] - ETA: 1:03 - loss: 16.2034 - acc: 0.3415
 512/1000 [==============>...............] - ETA: 55s - loss: 17.0009 - acc: 0.3418 
 576/1000 [================>.............] - ETA: 47s - loss: 16.8684 - acc: 0.3403
 640/1000 [==================>...........] - ETA: 40s - loss: 16.4988 - acc: 0.3391
 704/1000 [====================>.........] - ETA: 32s - loss: 16.3331 - acc: 0.3409
 768/1000 [======================>.......] - ETA: 25s - loss: 16.3605 - acc: 0.3477
 832/1000 [=======================>......] - ETA: 18s - loss: 16.3305 - acc: 0.3474
 896/1000 [=========================>....] - ETA: 11s - loss: 16.3218 - acc: 0.3449
 960/1000 [===========================>..] - ETA: 4s - loss: 16.3210 - acc: 0.3573 
1000/1000 [==============================] - 119s 119ms/step - loss: 16.3911 - acc: 0.3560 - val_loss: 16.8573 - val_acc: 0.3640
Epoch 18/20

  64/1000 [>.............................] - ETA: 1:32 - loss: 16.5035 - acc: 0.3281
 128/1000 [==>...........................] - ETA: 1:33 - loss: 15.6063 - acc: 0.2969
 192/1000 [====>.........................] - ETA: 1:23 - loss: 16.9026 - acc: 0.3490
 256/1000 [======>.......................] - ETA: 1:18 - loss: 16.2234 - acc: 0.3555
 320/1000 [========>.....................] - ETA: 1:11 - loss: 15.9333 - acc: 0.3500
 384/1000 [==========>...................] - ETA: 1:05 - loss: 16.5235 - acc: 0.3438
 448/1000 [============>.................] - ETA: 58s - loss: 16.2337 - acc: 0.3527 
 512/1000 [==============>...............] - ETA: 51s - loss: 15.9646 - acc: 0.3496
 576/1000 [================>.............] - ETA: 44s - loss: 16.1420 - acc: 0.3438
 640/1000 [==================>...........] - ETA: 37s - loss: 16.2827 - acc: 0.3422
 704/1000 [====================>.........] - ETA: 31s - loss: 16.2879 - acc: 0.3452
 768/1000 [======================>.......] - ETA: 24s - loss: 16.2256 - acc: 0.3438
 832/1000 [=======================>......] - ETA: 17s - loss: 16.1767 - acc: 0.3474
 896/1000 [=========================>....] - ETA: 10s - loss: 16.3655 - acc: 0.3538
 960/1000 [===========================>..] - ETA: 4s - loss: 16.3720 - acc: 0.3583 
1000/1000 [==============================] - 116s 116ms/step - loss: 16.3754 - acc: 0.3560 - val_loss: 16.9484 - val_acc: 0.3640
Epoch 19/20

  64/1000 [>.............................] - ETA: 1:22 - loss: 17.6634 - acc: 0.4219
 128/1000 [==>...........................] - ETA: 1:16 - loss: 15.9033 - acc: 0.3125
 192/1000 [====>.........................] - ETA: 1:11 - loss: 16.2264 - acc: 0.3438
 256/1000 [======>.......................] - ETA: 1:05 - loss: 16.9208 - acc: 0.3672
 320/1000 [========>.....................] - ETA: 1:00 - loss: 16.3995 - acc: 0.3719
 384/1000 [==========>...................] - ETA: 54s - loss: 16.3263 - acc: 0.3698 
 448/1000 [============>.................] - ETA: 49s - loss: 16.0688 - acc: 0.3594
 512/1000 [==============>...............] - ETA: 43s - loss: 16.2182 - acc: 0.3574
 576/1000 [================>.............] - ETA: 37s - loss: 16.0943 - acc: 0.3472
 640/1000 [==================>...........] - ETA: 31s - loss: 16.1811 - acc: 0.3531
 704/1000 [====================>.........] - ETA: 26s - loss: 16.4274 - acc: 0.3523
 768/1000 [======================>.......] - ETA: 20s - loss: 16.5471 - acc: 0.3529
 832/1000 [=======================>......] - ETA: 14s - loss: 16.5161 - acc: 0.3546
 896/1000 [=========================>....] - ETA: 9s - loss: 16.4401 - acc: 0.3560 
 960/1000 [===========================>..] - ETA: 3s - loss: 16.4701 - acc: 0.3552
1000/1000 [==============================] - 97s 97ms/step - loss: 16.3738 - acc: 0.3560 - val_loss: 18.6177 - val_acc: 0.3640
Epoch 20/20

  64/1000 [>.............................] - ETA: 1:17 - loss: 18.2400 - acc: 0.3125
 128/1000 [==>...........................] - ETA: 1:12 - loss: 17.3249 - acc: 0.3594
 192/1000 [====>.........................] - ETA: 1:07 - loss: 17.1680 - acc: 0.3594
 256/1000 [======>.......................] - ETA: 1:02 - loss: 16.7502 - acc: 0.3438
 320/1000 [========>.....................] - ETA: 58s - loss: 16.8530 - acc: 0.3281 
 384/1000 [==========>...................] - ETA: 53s - loss: 16.5166 - acc: 0.3359
 448/1000 [============>.................] - ETA: 48s - loss: 16.2285 - acc: 0.3281
 512/1000 [==============>...............] - ETA: 42s - loss: 16.0149 - acc: 0.3301
 576/1000 [================>.............] - ETA: 36s - loss: 16.1252 - acc: 0.3385
 640/1000 [==================>...........] - ETA: 31s - loss: 16.2874 - acc: 0.3469
 704/1000 [====================>.........] - ETA: 25s - loss: 16.0548 - acc: 0.3480
 768/1000 [======================>.......] - ETA: 20s - loss: 16.0530 - acc: 0.3529
 832/1000 [=======================>......] - ETA: 14s - loss: 15.9849 - acc: 0.3498
 896/1000 [=========================>....] - ETA: 9s - loss: 15.8554 - acc: 0.3460 
 960/1000 [===========================>..] - ETA: 3s - loss: 16.1406 - acc: 0.3552
1000/1000 [==============================] - 96s 96ms/step - loss: 16.1655 - acc: 0.3560 - val_loss: 17.0998 - val_acc: 0.3640
Test loss: 17.09983644104004
Test accuracy: 0.36400000047683717
