/usr/lib/python3.4/importlib/_bootstrap.py:321: FutureWarning: Conversion of the second argument of issubdtype from `float` to `np.floating` is deprecated. In future, it will be treated as `np.float64 == np.dtype(float).type`.
  return f(*args, **kwds)
Using TensorFlow backend.
WARNING:tensorflow:From /usr/local/lib/python3.4/dist-packages/tensorflow/python/framework/op_def_library.py:263: colocate_with (from tensorflow.python.framework.ops) is deprecated and will be removed in a future version.
Instructions for updating:
Colocations handled automatically by placer.
WARNING:tensorflow:From /usr/local/lib/python3.4/dist-packages/keras/backend/tensorflow_backend.py:3445: calling dropout (from tensorflow.python.ops.nn_ops) with keep_prob is deprecated and will be removed in a future version.
Instructions for updating:
Please use `rate` instead of `keep_prob`. Rate should be set to `rate = 1 - keep_prob`.
WARNING:tensorflow:From /usr/local/lib/python3.4/dist-packages/tensorflow/python/ops/math_ops.py:3066: to_int32 (from tensorflow.python.ops.math_ops) is deprecated and will be removed in a future version.
Instructions for updating:
Use tf.cast instead.
2019-04-18 23:43:04.242601: I tensorflow/core/platform/profile_utils/cpu_utils.cc:94] CPU Frequency: 1895515000 Hz
2019-04-18 23:43:04.250569: I tensorflow/compiler/xla/service/service.cc:150] XLA service 0x550d6e0 executing computations on platform Host. Devices:
2019-04-18 23:43:04.250737: I tensorflow/compiler/xla/service/service.cc:158]   StreamExecutor device (0): <undefined>, <undefined>
[[1 1 1 ... 0 0 0]
 [0 0 1 ... 0 0 0]
 [0 0 0 ... 0 0 0]
 ...
 [0 0 0 ... 0 0 0]
 [0 0 0 ... 0 0 0]
 [0 0 0 ... 0 0 0]]
[[0 0 0 ... 0 0 0]
 [0 0 0 ... 0 0 0]
 [0 0 1 ... 0 0 0]
 ...
 [0 0 0 ... 0 0 0]
 [0 0 0 ... 0 0 0]
 [0 0 0 ... 0 0 0]]
x_train shape: (1000, 700, 21, 1)
y_train shape: (1000, 4557)
1000 train samples
500 test samples
training ==========~~~~~~~~=======
Train on 1000 samples, validate on 500 samples
Epoch 1/20

  64/1000 [>.............................] - ETA: 1:23 - loss: 0.6931 - acc: 0.4990
 128/1000 [==>...........................] - ETA: 1:07 - loss: 0.6931 - acc: 0.5040
 192/1000 [====>.........................] - ETA: 1:00 - loss: 0.6931 - acc: 0.5097
 256/1000 [======>.......................] - ETA: 54s - loss: 0.6930 - acc: 0.5143 
 320/1000 [========>.....................] - ETA: 49s - loss: 0.6930 - acc: 0.5194
 384/1000 [==========>...................] - ETA: 43s - loss: 0.6930 - acc: 0.5240
 448/1000 [============>.................] - ETA: 38s - loss: 0.6929 - acc: 0.5287
 512/1000 [==============>...............] - ETA: 33s - loss: 0.6929 - acc: 0.5327
 576/1000 [================>.............] - ETA: 29s - loss: 0.6929 - acc: 0.5371
 640/1000 [==================>...........] - ETA: 24s - loss: 0.6928 - acc: 0.5407
 704/1000 [====================>.........] - ETA: 20s - loss: 0.6928 - acc: 0.5436
 768/1000 [======================>.......] - ETA: 15s - loss: 0.6927 - acc: 0.5467
 832/1000 [=======================>......] - ETA: 11s - loss: 0.6927 - acc: 0.5492
 896/1000 [=========================>....] - ETA: 6s - loss: 0.6927 - acc: 0.5514 
 960/1000 [===========================>..] - ETA: 2s - loss: 0.6926 - acc: 0.5532
1000/1000 [==============================] - 74s 74ms/step - loss: 0.6926 - acc: 0.5542 - val_loss: 0.6917 - val_acc: 0.6157
Epoch 2/20

  64/1000 [>.............................] - ETA: 1:02 - loss: 0.6917 - acc: 0.5797
 128/1000 [==>...........................] - ETA: 58s - loss: 0.6916 - acc: 0.5783 
 192/1000 [====>.........................] - ETA: 54s - loss: 0.6915 - acc: 0.5778
 256/1000 [======>.......................] - ETA: 50s - loss: 0.6914 - acc: 0.5771
 320/1000 [========>.....................] - ETA: 46s - loss: 0.6913 - acc: 0.5764
 384/1000 [==========>...................] - ETA: 41s - loss: 0.6912 - acc: 0.5754
 448/1000 [============>.................] - ETA: 36s - loss: 0.6911 - acc: 0.5746
 512/1000 [==============>...............] - ETA: 32s - loss: 0.6909 - acc: 0.5739
 576/1000 [================>.............] - ETA: 28s - loss: 0.6907 - acc: 0.5734
 640/1000 [==================>...........] - ETA: 23s - loss: 0.6905 - acc: 0.5730
 704/1000 [====================>.........] - ETA: 19s - loss: 0.6903 - acc: 0.5727
 768/1000 [======================>.......] - ETA: 15s - loss: 0.6900 - acc: 0.5725
 832/1000 [=======================>......] - ETA: 11s - loss: 0.6897 - acc: 0.5725
 896/1000 [=========================>....] - ETA: 6s - loss: 0.6893 - acc: 0.5727 
 960/1000 [===========================>..] - ETA: 2s - loss: 0.6887 - acc: 0.5732
1000/1000 [==============================] - 73s 73ms/step - loss: 0.6883 - acc: 0.5736 - val_loss: 0.6703 - val_acc: 0.6312
Epoch 3/20

  64/1000 [>.............................] - ETA: 58s - loss: 0.6737 - acc: 0.5927
 128/1000 [==>...........................] - ETA: 55s - loss: 0.6702 - acc: 0.5978
 192/1000 [====>.........................] - ETA: 52s - loss: 0.6661 - acc: 0.6035
 256/1000 [======>.......................] - ETA: 47s - loss: 0.6604 - acc: 0.6106
 320/1000 [========>.....................] - ETA: 43s - loss: 0.6532 - acc: 0.6188
 384/1000 [==========>...................] - ETA: 39s - loss: 0.6435 - acc: 0.6292
 448/1000 [============>.................] - ETA: 35s - loss: 0.6318 - acc: 0.6407
 512/1000 [==============>...............] - ETA: 31s - loss: 0.6172 - acc: 0.6536
 576/1000 [================>.............] - ETA: 27s - loss: 0.5993 - acc: 0.6679
 640/1000 [==================>...........] - ETA: 23s - loss: 0.5789 - acc: 0.6830
 704/1000 [====================>.........] - ETA: 19s - loss: 0.5549 - acc: 0.6993
 768/1000 [======================>.......] - ETA: 15s - loss: 0.5287 - acc: 0.7160
 832/1000 [=======================>......] - ETA: 11s - loss: 0.5030 - acc: 0.7317
 896/1000 [=========================>....] - ETA: 6s - loss: 0.4783 - acc: 0.7464 
 960/1000 [===========================>..] - ETA: 2s - loss: 0.4541 - acc: 0.7604
1000/1000 [==============================] - 73s 73ms/step - loss: 0.4397 - acc: 0.7685 - val_loss: 0.0052 - val_acc: 0.9995
Epoch 4/20

  64/1000 [>.............................] - ETA: 1:05 - loss: 0.0834 - acc: 0.9688
 128/1000 [==>...........................] - ETA: 1:00 - loss: 0.0768 - acc: 0.9714
 192/1000 [====>.........................] - ETA: 55s - loss: 0.0669 - acc: 0.9754 
 256/1000 [======>.......................] - ETA: 51s - loss: 0.0631 - acc: 0.9770
 320/1000 [========>.....................] - ETA: 47s - loss: 0.0613 - acc: 0.9778
 384/1000 [==========>...................] - ETA: 43s - loss: 0.0571 - acc: 0.9795
 448/1000 [============>.................] - ETA: 38s - loss: 0.0549 - acc: 0.9803
 512/1000 [==============>...............] - ETA: 33s - loss: 0.0519 - acc: 0.9816
 576/1000 [================>.............] - ETA: 29s - loss: 0.0496 - acc: 0.9825
 640/1000 [==================>...........] - ETA: 24s - loss: 0.0479 - acc: 0.9832
 704/1000 [====================>.........] - ETA: 20s - loss: 0.0459 - acc: 0.9840
 768/1000 [======================>.......] - ETA: 15s - loss: 0.0441 - acc: 0.9847
 832/1000 [=======================>......] - ETA: 11s - loss: 0.0422 - acc: 0.9854
 896/1000 [=========================>....] - ETA: 7s - loss: 0.0414 - acc: 0.9857 
 960/1000 [===========================>..] - ETA: 2s - loss: 0.0403 - acc: 0.9862
1000/1000 [==============================] - 75s 75ms/step - loss: 0.0395 - acc: 0.9865 - val_loss: 0.0048 - val_acc: 0.9995
Epoch 5/20

  64/1000 [>.............................] - ETA: 1:07 - loss: 0.0238 - acc: 0.9930
 128/1000 [==>...........................] - ETA: 1:02 - loss: 0.0209 - acc: 0.9941
 192/1000 [====>.........................] - ETA: 55s - loss: 0.0221 - acc: 0.9935 
 256/1000 [======>.......................] - ETA: 51s - loss: 0.0224 - acc: 0.9933
 320/1000 [========>.....................] - ETA: 47s - loss: 0.0213 - acc: 0.9937
 384/1000 [==========>...................] - ETA: 43s - loss: 0.0211 - acc: 0.9938
 448/1000 [============>.................] - ETA: 38s - loss: 0.0210 - acc: 0.9939
 512/1000 [==============>...............] - ETA: 33s - loss: 0.0203 - acc: 0.9942
 576/1000 [================>.............] - ETA: 29s - loss: 0.0200 - acc: 0.9943
 640/1000 [==================>...........] - ETA: 24s - loss: 0.0196 - acc: 0.9945
 704/1000 [====================>.........] - ETA: 20s - loss: 0.0194 - acc: 0.9945
 768/1000 [======================>.......] - ETA: 15s - loss: 0.0194 - acc: 0.9945
 832/1000 [=======================>......] - ETA: 11s - loss: 0.0189 - acc: 0.9947
 896/1000 [=========================>....] - ETA: 7s - loss: 0.0186 - acc: 0.9948 
 960/1000 [===========================>..] - ETA: 2s - loss: 0.0183 - acc: 0.9949
1000/1000 [==============================] - 75s 75ms/step - loss: 0.0182 - acc: 0.9950 - val_loss: 0.0052 - val_acc: 0.9995
Epoch 6/20

  64/1000 [>.............................] - ETA: 1:04 - loss: 0.0140 - acc: 0.9963
 128/1000 [==>...........................] - ETA: 59s - loss: 0.0152 - acc: 0.9960 
 192/1000 [====>.........................] - ETA: 54s - loss: 0.0151 - acc: 0.9960
 256/1000 [======>.......................] - ETA: 49s - loss: 0.0146 - acc: 0.9963
 320/1000 [========>.....................] - ETA: 45s - loss: 0.0144 - acc: 0.9965
 384/1000 [==========>...................] - ETA: 40s - loss: 0.0142 - acc: 0.9965
 448/1000 [============>.................] - ETA: 36s - loss: 0.0137 - acc: 0.9967
 512/1000 [==============>...............] - ETA: 32s - loss: 0.0133 - acc: 0.9968
 576/1000 [================>.............] - ETA: 28s - loss: 0.0137 - acc: 0.9966
 640/1000 [==================>...........] - ETA: 24s - loss: 0.0137 - acc: 0.9967
 704/1000 [====================>.........] - ETA: 19s - loss: 0.0136 - acc: 0.9968
 768/1000 [======================>.......] - ETA: 15s - loss: 0.0136 - acc: 0.9968
 832/1000 [=======================>......] - ETA: 11s - loss: 0.0134 - acc: 0.9969
 896/1000 [=========================>....] - ETA: 7s - loss: 0.0132 - acc: 0.9970 
 960/1000 [===========================>..] - ETA: 2s - loss: 0.0130 - acc: 0.9970
1000/1000 [==============================] - 80s 80ms/step - loss: 0.0130 - acc: 0.9971 - val_loss: 0.0053 - val_acc: 0.9995
Epoch 7/20

  64/1000 [>.............................] - ETA: 1:17 - loss: 0.0107 - acc: 0.9976
 128/1000 [==>...........................] - ETA: 1:17 - loss: 0.0117 - acc: 0.9972
 192/1000 [====>.........................] - ETA: 1:11 - loss: 0.0115 - acc: 0.9974
 256/1000 [======>.......................] - ETA: 1:06 - loss: 0.0112 - acc: 0.9976
 320/1000 [========>.....................] - ETA: 1:01 - loss: 0.0114 - acc: 0.9976
 384/1000 [==========>...................] - ETA: 55s - loss: 0.0113 - acc: 0.9976 
 448/1000 [============>.................] - ETA: 50s - loss: 0.0111 - acc: 0.9977
 512/1000 [==============>...............] - ETA: 44s - loss: 0.0110 - acc: 0.9977
 576/1000 [================>.............] - ETA: 38s - loss: 0.0110 - acc: 0.9977
 640/1000 [==================>...........] - ETA: 32s - loss: 0.0113 - acc: 0.9976
 704/1000 [====================>.........] - ETA: 26s - loss: 0.0112 - acc: 0.9977
 768/1000 [======================>.......] - ETA: 21s - loss: 0.0111 - acc: 0.9977
 832/1000 [=======================>......] - ETA: 15s - loss: 0.0110 - acc: 0.9977
 896/1000 [=========================>....] - ETA: 9s - loss: 0.0110 - acc: 0.9977 
 960/1000 [===========================>..] - ETA: 3s - loss: 0.0109 - acc: 0.9978
1000/1000 [==============================] - 102s 102ms/step - loss: 0.0109 - acc: 0.9978 - val_loss: 0.0054 - val_acc: 0.9995
Epoch 8/20

  64/1000 [>.............................] - ETA: 1:20 - loss: 0.0105 - acc: 0.9977
 128/1000 [==>...........................] - ETA: 1:17 - loss: 0.0101 - acc: 0.9980
 192/1000 [====>.........................] - ETA: 1:14 - loss: 0.0107 - acc: 0.9978
 256/1000 [======>.......................] - ETA: 1:07 - loss: 0.0106 - acc: 0.9978
 320/1000 [========>.....................] - ETA: 59s - loss: 0.0104 - acc: 0.9980 
 384/1000 [==========>...................] - ETA: 53s - loss: 0.0105 - acc: 0.9980
 448/1000 [============>.................] - ETA: 47s - loss: 0.0104 - acc: 0.9980
 512/1000 [==============>...............] - ETA: 41s - loss: 0.0101 - acc: 0.9981
 576/1000 [================>.............] - ETA: 35s - loss: 0.0103 - acc: 0.9981
 640/1000 [==================>...........] - ETA: 30s - loss: 0.0102 - acc: 0.9981
 704/1000 [====================>.........] - ETA: 24s - loss: 0.0102 - acc: 0.9981
 768/1000 [======================>.......] - ETA: 19s - loss: 0.0102 - acc: 0.9981
 832/1000 [=======================>......] - ETA: 13s - loss: 0.0101 - acc: 0.9982
 896/1000 [=========================>....] - ETA: 8s - loss: 0.0099 - acc: 0.9982 
 960/1000 [===========================>..] - ETA: 3s - loss: 0.0098 - acc: 0.9982
1000/1000 [==============================] - 91s 91ms/step - loss: 0.0100 - acc: 0.9982 - val_loss: 0.0054 - val_acc: 0.9995
Epoch 9/20

  64/1000 [>.............................] - ETA: 1:08 - loss: 0.0089 - acc: 0.9986
 128/1000 [==>...........................] - ETA: 1:04 - loss: 0.0089 - acc: 0.9986
 192/1000 [====>.........................] - ETA: 59s - loss: 0.0088 - acc: 0.9986 
 256/1000 [======>.......................] - ETA: 53s - loss: 0.0084 - acc: 0.9987
 320/1000 [========>.....................] - ETA: 49s - loss: 0.0086 - acc: 0.9986
 384/1000 [==========>...................] - ETA: 44s - loss: 0.0086 - acc: 0.9986
 448/1000 [============>.................] - ETA: 39s - loss: 0.0092 - acc: 0.9985
 512/1000 [==============>...............] - ETA: 36s - loss: 0.0091 - acc: 0.9985
 576/1000 [================>.............] - ETA: 31s - loss: 0.0092 - acc: 0.9985
 640/1000 [==================>...........] - ETA: 26s - loss: 0.0091 - acc: 0.9985
 704/1000 [====================>.........] - ETA: 22s - loss: 0.0089 - acc: 0.9985
 768/1000 [======================>.......] - ETA: 17s - loss: 0.0089 - acc: 0.9986
 832/1000 [=======================>......] - ETA: 12s - loss: 0.0088 - acc: 0.9986
 896/1000 [=========================>....] - ETA: 7s - loss: 0.0090 - acc: 0.9985 
 960/1000 [===========================>..] - ETA: 3s - loss: 0.0089 - acc: 0.9985
1000/1000 [==============================] - 84s 84ms/step - loss: 0.0089 - acc: 0.9985 - val_loss: 0.0052 - val_acc: 0.9995
Epoch 10/20

  64/1000 [>.............................] - ETA: 1:05 - loss: 0.0094 - acc: 0.9986
 128/1000 [==>...........................] - ETA: 1:03 - loss: 0.0090 - acc: 0.9985
 192/1000 [====>.........................] - ETA: 59s - loss: 0.0087 - acc: 0.9986 
 256/1000 [======>.......................] - ETA: 55s - loss: 0.0087 - acc: 0.9986
 320/1000 [========>.....................] - ETA: 51s - loss: 0.0086 - acc: 0.9986
 384/1000 [==========>...................] - ETA: 46s - loss: 0.0084 - acc: 0.9987
 448/1000 [============>.................] - ETA: 42s - loss: 0.0087 - acc: 0.9986
 512/1000 [==============>...............] - ETA: 37s - loss: 0.0086 - acc: 0.9986
 576/1000 [================>.............] - ETA: 32s - loss: 0.0087 - acc: 0.9986
 640/1000 [==================>...........] - ETA: 27s - loss: 0.0088 - acc: 0.9986
 704/1000 [====================>.........] - ETA: 22s - loss: 0.0086 - acc: 0.9986
 768/1000 [======================>.......] - ETA: 17s - loss: 0.0086 - acc: 0.9986
 832/1000 [=======================>......] - ETA: 12s - loss: 0.0086 - acc: 0.9986
 896/1000 [=========================>....] - ETA: 8s - loss: 0.0085 - acc: 0.9987 
 960/1000 [===========================>..] - ETA: 3s - loss: 0.0085 - acc: 0.9986
1000/1000 [==============================] - 87s 87ms/step - loss: 0.0085 - acc: 0.9986 - val_loss: 0.0051 - val_acc: 0.9995
Epoch 11/20

  64/1000 [>.............................] - ETA: 1:10 - loss: 0.0083 - acc: 0.9986
 128/1000 [==>...........................] - ETA: 1:07 - loss: 0.0093 - acc: 0.9985
 192/1000 [====>.........................] - ETA: 1:03 - loss: 0.0094 - acc: 0.9985
 256/1000 [======>.......................] - ETA: 57s - loss: 0.0093 - acc: 0.9985 
 320/1000 [========>.....................] - ETA: 51s - loss: 0.0092 - acc: 0.9985
 384/1000 [==========>...................] - ETA: 46s - loss: 0.0088 - acc: 0.9986
 448/1000 [============>.................] - ETA: 41s - loss: 0.0086 - acc: 0.9987
 512/1000 [==============>...............] - ETA: 36s - loss: 0.0087 - acc: 0.9987
 576/1000 [================>.............] - ETA: 31s - loss: 0.0085 - acc: 0.9987
 640/1000 [==================>...........] - ETA: 27s - loss: 0.0084 - acc: 0.9987
 704/1000 [====================>.........] - ETA: 22s - loss: 0.0084 - acc: 0.9987
 768/1000 [======================>.......] - ETA: 17s - loss: 0.0083 - acc: 0.9987
 832/1000 [=======================>......] - ETA: 12s - loss: 0.0085 - acc: 0.9987
 896/1000 [=========================>....] - ETA: 7s - loss: 0.0085 - acc: 0.9987 
 960/1000 [===========================>..] - ETA: 3s - loss: 0.0085 - acc: 0.9987
1000/1000 [==============================] - 85s 85ms/step - loss: 0.0083 - acc: 0.9987 - val_loss: 0.0051 - val_acc: 0.9995
Epoch 12/20

  64/1000 [>.............................] - ETA: 1:01 - loss: 0.0088 - acc: 0.9984
 128/1000 [==>...........................] - ETA: 58s - loss: 0.0091 - acc: 0.9985 
 192/1000 [====>.........................] - ETA: 52s - loss: 0.0089 - acc: 0.9986
 256/1000 [======>.......................] - ETA: 49s - loss: 0.0085 - acc: 0.9987
 320/1000 [========>.....................] - ETA: 45s - loss: 0.0081 - acc: 0.9988
 384/1000 [==========>...................] - ETA: 41s - loss: 0.0080 - acc: 0.9988
 448/1000 [============>.................] - ETA: 36s - loss: 0.0078 - acc: 0.9988
 512/1000 [==============>...............] - ETA: 32s - loss: 0.0079 - acc: 0.9988
 576/1000 [================>.............] - ETA: 28s - loss: 0.0078 - acc: 0.9988
 640/1000 [==================>...........] - ETA: 23s - loss: 0.0078 - acc: 0.9988
 704/1000 [====================>.........] - ETA: 19s - loss: 0.0077 - acc: 0.9989
 768/1000 [======================>.......] - ETA: 15s - loss: 0.0078 - acc: 0.9988
 832/1000 [=======================>......] - ETA: 11s - loss: 0.0078 - acc: 0.9988
 896/1000 [=========================>....] - ETA: 6s - loss: 0.0078 - acc: 0.9988 
 960/1000 [===========================>..] - ETA: 2s - loss: 0.0080 - acc: 0.9988
1000/1000 [==============================] - 74s 74ms/step - loss: 0.0079 - acc: 0.9988 - val_loss: 0.0050 - val_acc: 0.9995
Epoch 13/20

  64/1000 [>.............................] - ETA: 1:04 - loss: 0.0072 - acc: 0.9992
 128/1000 [==>...........................] - ETA: 59s - loss: 0.0079 - acc: 0.9989 
 192/1000 [====>.........................] - ETA: 55s - loss: 0.0075 - acc: 0.9990
 256/1000 [======>.......................] - ETA: 50s - loss: 0.0073 - acc: 0.9991
 320/1000 [========>.....................] - ETA: 45s - loss: 0.0073 - acc: 0.9990
 384/1000 [==========>...................] - ETA: 41s - loss: 0.0076 - acc: 0.9990
 448/1000 [============>.................] - ETA: 36s - loss: 0.0078 - acc: 0.9989
 512/1000 [==============>...............] - ETA: 32s - loss: 0.0078 - acc: 0.9989
 576/1000 [================>.............] - ETA: 28s - loss: 0.0078 - acc: 0.9989
 640/1000 [==================>...........] - ETA: 24s - loss: 0.0079 - acc: 0.9989
 704/1000 [====================>.........] - ETA: 19s - loss: 0.0078 - acc: 0.9989
 768/1000 [======================>.......] - ETA: 15s - loss: 0.0077 - acc: 0.9989
 832/1000 [=======================>......] - ETA: 11s - loss: 0.0076 - acc: 0.9989
 896/1000 [=========================>....] - ETA: 7s - loss: 0.0078 - acc: 0.9989 
 960/1000 [===========================>..] - ETA: 2s - loss: 0.0077 - acc: 0.9989
1000/1000 [==============================] - 74s 74ms/step - loss: 0.0076 - acc: 0.9989 - val_loss: 0.0049 - val_acc: 0.9995
Epoch 14/20

  64/1000 [>.............................] - ETA: 1:03 - loss: 0.0070 - acc: 0.9990
 128/1000 [==>...........................] - ETA: 1:00 - loss: 0.0066 - acc: 0.9991
 192/1000 [====>.........................] - ETA: 55s - loss: 0.0067 - acc: 0.9991 
 256/1000 [======>.......................] - ETA: 51s - loss: 0.0066 - acc: 0.9992
 320/1000 [========>.....................] - ETA: 47s - loss: 0.0067 - acc: 0.9991
 384/1000 [==========>...................] - ETA: 43s - loss: 0.0066 - acc: 0.9992
 448/1000 [============>.................] - ETA: 39s - loss: 0.0068 - acc: 0.9991
 512/1000 [==============>...............] - ETA: 34s - loss: 0.0069 - acc: 0.9991
 576/1000 [================>.............] - ETA: 29s - loss: 0.0068 - acc: 0.9991
 640/1000 [==================>...........] - ETA: 25s - loss: 0.0069 - acc: 0.9991
 704/1000 [====================>.........] - ETA: 21s - loss: 0.0070 - acc: 0.9991
 768/1000 [======================>.......] - ETA: 16s - loss: 0.0071 - acc: 0.9991
 832/1000 [=======================>......] - ETA: 11s - loss: 0.0071 - acc: 0.9991
 896/1000 [=========================>....] - ETA: 7s - loss: 0.0071 - acc: 0.9991 
 960/1000 [===========================>..] - ETA: 2s - loss: 0.0071 - acc: 0.9991
1000/1000 [==============================] - 78s 78ms/step - loss: 0.0071 - acc: 0.9991 - val_loss: 0.0048 - val_acc: 0.9995
Epoch 15/20

  64/1000 [>.............................] - ETA: 56s - loss: 0.0072 - acc: 0.9990
 128/1000 [==>...........................] - ETA: 57s - loss: 0.0070 - acc: 0.9991
 192/1000 [====>.........................] - ETA: 54s - loss: 0.0068 - acc: 0.9991
 256/1000 [======>.......................] - ETA: 50s - loss: 0.0072 - acc: 0.9991
 320/1000 [========>.....................] - ETA: 46s - loss: 0.0072 - acc: 0.9991
 384/1000 [==========>...................] - ETA: 42s - loss: 0.0073 - acc: 0.9991
 448/1000 [============>.................] - ETA: 37s - loss: 0.0071 - acc: 0.9991
 512/1000 [==============>...............] - ETA: 33s - loss: 0.0071 - acc: 0.9991
 576/1000 [================>.............] - ETA: 29s - loss: 0.0071 - acc: 0.9991
 640/1000 [==================>...........] - ETA: 24s - loss: 0.0069 - acc: 0.9991
 704/1000 [====================>.........] - ETA: 20s - loss: 0.0070 - acc: 0.9991
 768/1000 [======================>.......] - ETA: 16s - loss: 0.0070 - acc: 0.9991
 832/1000 [=======================>......] - ETA: 11s - loss: 0.0070 - acc: 0.9991
 896/1000 [=========================>....] - ETA: 7s - loss: 0.0070 - acc: 0.9991 
 960/1000 [===========================>..] - ETA: 2s - loss: 0.0070 - acc: 0.9991
1000/1000 [==============================] - 76s 76ms/step - loss: 0.0070 - acc: 0.9991 - val_loss: 0.0047 - val_acc: 0.9995
Epoch 16/20

  64/1000 [>.............................] - ETA: 1:04 - loss: 0.0069 - acc: 0.9991
 128/1000 [==>...........................] - ETA: 59s - loss: 0.0061 - acc: 0.9992 
 192/1000 [====>.........................] - ETA: 54s - loss: 0.0073 - acc: 0.9990
 256/1000 [======>.......................] - ETA: 50s - loss: 0.0074 - acc: 0.9991
 320/1000 [========>.....................] - ETA: 45s - loss: 0.0074 - acc: 0.9990
 384/1000 [==========>...................] - ETA: 41s - loss: 0.0073 - acc: 0.9991
 448/1000 [============>.................] - ETA: 37s - loss: 0.0072 - acc: 0.9991
 512/1000 [==============>...............] - ETA: 32s - loss: 0.0072 - acc: 0.9991
 576/1000 [================>.............] - ETA: 28s - loss: 0.0070 - acc: 0.9991
 640/1000 [==================>...........] - ETA: 24s - loss: 0.0070 - acc: 0.9991
 704/1000 [====================>.........] - ETA: 19s - loss: 0.0069 - acc: 0.9992
 768/1000 [======================>.......] - ETA: 15s - loss: 0.0069 - acc: 0.9992
 832/1000 [=======================>......] - ETA: 11s - loss: 0.0069 - acc: 0.9992
 896/1000 [=========================>....] - ETA: 7s - loss: 0.0069 - acc: 0.9992 
 960/1000 [===========================>..] - ETA: 2s - loss: 0.0069 - acc: 0.9992
1000/1000 [==============================] - 75s 75ms/step - loss: 0.0069 - acc: 0.9991 - val_loss: 0.0047 - val_acc: 0.9995
Epoch 17/20

  64/1000 [>.............................] - ETA: 1:04 - loss: 0.0060 - acc: 0.9992
 128/1000 [==>...........................] - ETA: 1:00 - loss: 0.0062 - acc: 0.9992
 192/1000 [====>.........................] - ETA: 55s - loss: 0.0067 - acc: 0.9992 
 256/1000 [======>.......................] - ETA: 51s - loss: 0.0065 - acc: 0.9992
 320/1000 [========>.....................] - ETA: 47s - loss: 0.0065 - acc: 0.9992
 384/1000 [==========>...................] - ETA: 42s - loss: 0.0070 - acc: 0.9991
 448/1000 [============>.................] - ETA: 38s - loss: 0.0073 - acc: 0.9991
 512/1000 [==============>...............] - ETA: 33s - loss: 0.0072 - acc: 0.9991
 576/1000 [================>.............] - ETA: 29s - loss: 0.0071 - acc: 0.9991
 640/1000 [==================>...........] - ETA: 24s - loss: 0.0072 - acc: 0.9991
 704/1000 [====================>.........] - ETA: 20s - loss: 0.0071 - acc: 0.9991
 768/1000 [======================>.......] - ETA: 15s - loss: 0.0071 - acc: 0.9991
 832/1000 [=======================>......] - ETA: 11s - loss: 0.0070 - acc: 0.9991
 896/1000 [=========================>....] - ETA: 7s - loss: 0.0070 - acc: 0.9991 
 960/1000 [===========================>..] - ETA: 2s - loss: 0.0069 - acc: 0.9991
1000/1000 [==============================] - 75s 75ms/step - loss: 0.0069 - acc: 0.9991 - val_loss: 0.0047 - val_acc: 0.9995
Epoch 18/20

  64/1000 [>.............................] - ETA: 1:02 - loss: 0.0055 - acc: 0.9994
 128/1000 [==>...........................] - ETA: 1:01 - loss: 0.0059 - acc: 0.9993
 192/1000 [====>.........................] - ETA: 55s - loss: 0.0060 - acc: 0.9993 
 256/1000 [======>.......................] - ETA: 50s - loss: 0.0059 - acc: 0.9993
 320/1000 [========>.....................] - ETA: 47s - loss: 0.0062 - acc: 0.9993
 384/1000 [==========>...................] - ETA: 43s - loss: 0.0063 - acc: 0.9992
 448/1000 [============>.................] - ETA: 38s - loss: 0.0063 - acc: 0.9992
 512/1000 [==============>...............] - ETA: 34s - loss: 0.0063 - acc: 0.9993
 576/1000 [================>.............] - ETA: 30s - loss: 0.0063 - acc: 0.9992
 640/1000 [==================>...........] - ETA: 25s - loss: 0.0063 - acc: 0.9992
 704/1000 [====================>.........] - ETA: 20s - loss: 0.0064 - acc: 0.9992
 768/1000 [======================>.......] - ETA: 16s - loss: 0.0063 - acc: 0.9992
 832/1000 [=======================>......] - ETA: 11s - loss: 0.0064 - acc: 0.9992
 896/1000 [=========================>....] - ETA: 7s - loss: 0.0066 - acc: 0.9992 
 960/1000 [===========================>..] - ETA: 2s - loss: 0.0066 - acc: 0.9992
1000/1000 [==============================] - 79s 79ms/step - loss: 0.0067 - acc: 0.9992 - val_loss: 0.0046 - val_acc: 0.9995
Epoch 19/20

  64/1000 [>.............................] - ETA: 1:09 - loss: 0.0069 - acc: 0.9991
 128/1000 [==>...........................] - ETA: 1:14 - loss: 0.0067 - acc: 0.9992
 192/1000 [====>.........................] - ETA: 1:11 - loss: 0.0064 - acc: 0.9992
 256/1000 [======>.......................] - ETA: 1:06 - loss: 0.0067 - acc: 0.9992
 320/1000 [========>.....................] - ETA: 1:02 - loss: 0.0071 - acc: 0.9991
 384/1000 [==========>...................] - ETA: 54s - loss: 0.0070 - acc: 0.9991 
 448/1000 [============>.................] - ETA: 47s - loss: 0.0069 - acc: 0.9991
 512/1000 [==============>...............] - ETA: 41s - loss: 0.0069 - acc: 0.9991
 576/1000 [================>.............] - ETA: 35s - loss: 0.0068 - acc: 0.9991
 640/1000 [==================>...........] - ETA: 29s - loss: 0.0068 - acc: 0.9992
 704/1000 [====================>.........] - ETA: 24s - loss: 0.0067 - acc: 0.9992
 768/1000 [======================>.......] - ETA: 18s - loss: 0.0068 - acc: 0.9992
 832/1000 [=======================>......] - ETA: 13s - loss: 0.0068 - acc: 0.9992
 896/1000 [=========================>....] - ETA: 8s - loss: 0.0067 - acc: 0.9992 
 960/1000 [===========================>..] - ETA: 3s - loss: 0.0067 - acc: 0.9992
1000/1000 [==============================] - 90s 90ms/step - loss: 0.0067 - acc: 0.9992 - val_loss: 0.0047 - val_acc: 0.9995
Epoch 20/20

  64/1000 [>.............................] - ETA: 1:17 - loss: 0.0073 - acc: 0.9992
 128/1000 [==>...........................] - ETA: 1:09 - loss: 0.0069 - acc: 0.9993
 192/1000 [====>.........................] - ETA: 1:02 - loss: 0.0071 - acc: 0.9992
 256/1000 [======>.......................] - ETA: 58s - loss: 0.0072 - acc: 0.9991 
 320/1000 [========>.....................] - ETA: 54s - loss: 0.0070 - acc: 0.9992
 384/1000 [==========>...................] - ETA: 49s - loss: 0.0068 - acc: 0.9992
 448/1000 [============>.................] - ETA: 44s - loss: 0.0066 - acc: 0.9992
 512/1000 [==============>...............] - ETA: 38s - loss: 0.0067 - acc: 0.9992
 576/1000 [================>.............] - ETA: 33s - loss: 0.0068 - acc: 0.9992
 640/1000 [==================>...........] - ETA: 28s - loss: 0.0067 - acc: 0.9992
 704/1000 [====================>.........] - ETA: 23s - loss: 0.0066 - acc: 0.9992
 768/1000 [======================>.......] - ETA: 18s - loss: 0.0066 - acc: 0.9992
 832/1000 [=======================>......] - ETA: 13s - loss: 0.0066 - acc: 0.9992
 896/1000 [=========================>....] - ETA: 8s - loss: 0.0065 - acc: 0.9992 
 960/1000 [===========================>..] - ETA: 3s - loss: 0.0065 - acc: 0.9992
1000/1000 [==============================] - 84s 84ms/step - loss: 0.0064 - acc: 0.9992 - val_loss: 0.0046 - val_acc: 0.9995
Testing ==========~~~~~~~~~~~~======
Test loss: 0.004609174408018589
Test accuracy: 0.9994987874031067
